<?xml version="1.0" encoding="UTF-8"?>
<!-- Generated by org.testng.reporters.JUnitReportReporter -->
<testsuite hostname="LAPTOP-NBMK9AQH" failures="0" tests="8" name="framework.testng1.Day3" time="0.010" errors="0" timestamp="2023-11-10T19:50:23 IST" skipped="1">
  <testcase classname="framework.testng1.Day3" name="MobilePersonalLoan" time="0.000"/>
  <testcase classname="framework.testng1.Day3" name="apple" time="0.000"/>
  <testcase classname="framework.testng1.Day3" name="drumstick" time="0.001"/>
  <testcase classname="framework.testng1.Day3" name="WebPersonalLoan" time="0.002"/>
  <testcase classname="framework.testng1.Day3" name="a_method" time="0.005"/>
  <testcase classname="framework.testng1.Day3" name="carrot" time="0.001"/>
  <testcase classname="framework.testng1.Day3" name="beetroot" time="0.001"/>
  <testcase classname="framework.testng1.Day3" name="b_method">
    <skipped/>
  </testcase> <!-- b_method -->
</testsuite> <!-- framework.testng1.Day3 -->
