<?xml version="1.0" encoding="UTF-8"?>
<!-- Generated by org.testng.reporters.JUnitReportReporter -->
<testsuite hostname="LAPTOP-NBMK9AQH" failures="0" tests="2" name="framework.testng1.Day1" time="0.008" errors="0" timestamp="2023-11-10T19:50:23 IST" skipped="0">
  <testcase classname="framework.testng1.Day1" name="MobileHomeLoan" time="0.006"/>
  <testcase classname="framework.testng1.Day1" name="WebHomeLoan" time="0.002"/>
</testsuite> <!-- framework.testng1.Day1 -->
