<?xml version="1.0" encoding="UTF-8"?>
<!-- Generated by org.testng.reporters.JUnitReportReporter -->
<testsuite hostname="LAPTOP-NBMK9AQH" failures="0" tests="2" name="framework.testng1.Day4" time="0.003" errors="0" timestamp="2023-11-10T19:50:23 IST" skipped="0">
  <testcase classname="framework.testng1.Day4" name="WebEducationLoan" time="0.000"/>
  <testcase classname="framework.testng1.Day4" name="MobileEducationLoan" time="0.003"/>
</testsuite> <!-- framework.testng1.Day4 -->
